<?xml version="1.0" encoding="UTF-8"?>
<!-- Generated by org.testng.reporters.JUnitReportReporter -->
<testsuite hostname="DESKTOP-B3A25MM" failures="0" tests="1" name="com.ecommerce.checkout.CheckOutTest" time="3.738" errors="0" timestamp="2025-02-11T16:13:51 IST" skipped="0">
  <testcase classname="com.ecommerce.checkout.CheckOutTest" name="checkOut" time="3.738"/>
</testsuite> <!-- com.ecommerce.checkout.CheckOutTest -->
