<?xml version="1.0" encoding="UTF-8"?>
<!-- Generated by org.testng.reporters.JUnitReportReporter -->
<testsuite hostname="DESKTOP-N46G1GJ" failures="0" tests="1" name="com.ecommerce.login.LoginWithValidCredentialsTest" time="5.142" errors="0" timestamp="2025-01-20T15:24:12 IST" skipped="0">
  <testcase classname="com.ecommerce.login.LoginWithValidCredentialsTest" name="login" time="5.142"/>
</testsuite> <!-- com.ecommerce.login.LoginWithValidCredentialsTest -->
