<?xml version="1.0" encoding="UTF-8"?>
<!-- Generated by org.testng.reporters.JUnitReportReporter -->
<testsuite hostname="DESKTOP-B3A25MM" failures="0" tests="1" name="com.ecommerce.addtocart.CartValidationTest" time="3.015" errors="0" timestamp="2025-02-11T16:14:29 IST" skipped="0">
  <testcase classname="com.ecommerce.addtocart.CartValidationTest" name="cartValidation" time="3.015"/>
</testsuite> <!-- com.ecommerce.addtocart.CartValidationTest -->
