<?xml version="1.0" encoding="UTF-8"?>
<!-- Generated by org.testng.reporters.JUnitXMLReporter -->
<testsuite ignored="0" hostname="DESKTOP-B3A25MM" failures="1" tests="7" name="Test-1" time="28.298" errors="0" timestamp="2025-02-11T16:23:14 IST">
  <testcase classname="com.ecommerce.login.LoginTest" name="loginValidationTest" time="2.062"/>
  <testcase classname="com.ecommerce.login.LoginTest" name="loginValidationTest" time="1.127"/>
  <testcase classname="com.ecommerce.login.LoginTest" name="loginValidationTest" time="1.344"/>
  <testcase classname="com.ecommerce.login.LoginTest" name="loginValidationTest" time="6.077"/>
  <testcase classname="com.ecommerce.login.LoginTest" name="loginValidationTest" time="1.117"/>
  <testcase classname="com.ecommerce.login.LoginTest" name="loginValidationTest" time="1.176"/>
  <testcase classname="com.ecommerce.login.LoginTest" name="loginValidationTest" time="0.108">
    <failure type="java.lang.IllegalArgumentException" message="Keys to send should be a not null CharSequence">
      <![CDATA[java.lang.IllegalArgumentException: Keys to send should be a not null CharSequence
at org.openqa.selenium.remote.RemoteWebElement.sendKeys(RemoteWebElement.java:96)
at org.openqa.selenium.support.pagefactory.internal.LocatingElementHandler.invoke(LocatingElementHandler.java:51)
at jdk.proxy2/jdk.proxy2.$Proxy22.sendKeys(Unknown Source)
at com.ecommerce.objectrepository.LoginPage.login(LoginPage.java:47)
at com.ecommerce.generic.baseclass.BaseClass.login(BaseClass.java:67)
at com.ecommerce.login.LoginTest.loginValidationTest(LoginTest.java:37)
at java.base/java.util.ArrayList.forEach(ArrayList.java:1511)
at java.base/java.util.concurrent.FutureTask.run(FutureTask.java:264)
at java.base/java.util.concurrent.ThreadPoolExecutor.runWorker(ThreadPoolExecutor.java:1136)
at java.base/java.util.concurrent.ThreadPoolExecutor$Worker.run(ThreadPoolExecutor.java:635)
at java.base/java.lang.Thread.run(Thread.java:840)
... Removed 21 stack frames]]>
    </failure>
  </testcase> <!-- loginValidationTest -->
</testsuite> <!-- Test-1 -->
